<?xml version="1.0" encoding="UTF-8"?>
<testsuite xmlns:xsi="http://www.w3.org/2001/XMLSchema-instance" xsi:noNamespaceSchemaLocation="https://maven.apache.org/surefire/maven-surefire-plugin/xsd/surefire-test-report-3.0.xsd" version="3.0" name="group.project.coen6761.AppTest" time="0.213" tests="22" errors="0" skipped="0" failures="0">
  <properties>
[...]
</properties>
  <testcase name="testRoomPrintNonEmptyRoom" classname="group.project.coen6761.AppTest" time="0.084"/>
  <testcase name="testRoomConstructor" classname="group.project.coen6761.AppTest" time="0.003"/>
  <testcase name="testRobotTurningRightAndLeft" classname="group.project.coen6761.AppTest" time="0.002"/>
  <testcase name="testRoomPrintEmptyRoomWithPenUp" classname="group.project.coen6761.AppTest" time="0.002"/>
  <testcase name="testRobotTurningRight" classname="group.project.coen6761.AppTest" time="0.004"/>
  <testcase name="testRobotMoveEastBeyondRoomBounds" classname="group.project.coen6761.AppTest" time="0.005">
    <system-out><![CDATA[******Oppps, Cant go further change the direction.******

]]></system-out>
  </testcase>
  <testcase name="testRobotSettingPenUp" classname="group.project.coen6761.AppTest" time="0.004"/>
  <testcase name="testRobotInitialPosition" classname="group.project.coen6761.AppTest" time="0.002"/>
  <testcase name="testRobotMoveNorthBeyondRoomBounds" classname="group.project.coen6761.AppTest" time="0.003">
    <system-out><![CDATA[******Oppps, Cant go further change the direction.******

]]></system-out>
  </testcase>
  <testcase name="testRoomPrint_2" classname="group.project.coen6761.AppTest" time="0.002"/>
  <testcase name="testRoomPrint" classname="group.project.coen6761.AppTest" time="0.001"/>
  <testcase name="testRobotSettingPenUpAndDownWithInitialDirection" classname="group.project.coen6761.AppTest" time="0.004"/>
  <testcase name="testRoomPrintEmptyRoom" classname="group.project.coen6761.AppTest" time="0.002"/>
  <testcase name="testRoomPrintFullRoom_2" classname="group.project.coen6761.AppTest" time="0.003">
    <system-out><![CDATA[2
1
]]></system-out>
  </testcase>
  <testcase name="testRobotSettingPenDown" classname="group.project.coen6761.AppTest" time="0.002"/>
  <testcase name="testRobotSettingPosition" classname="group.project.coen6761.AppTest" time="0.001"/>
  <testcase name="testRoomConstructor_2" classname="group.project.coen6761.AppTest" time="0.001"/>
  <testcase name="testRobotSettingPenUpAndDown" classname="group.project.coen6761.AppTest" time="0.001"/>
  <testcase name="testRobotTurningLeft" classname="group.project.coen6761.AppTest" time="0.001"/>
  <testcase name="testRobotMoveWestBeyondRoomBounds" classname="group.project.coen6761.AppTest" time="0.003"/>
  <testcase name="testRobotMoveWestWithPenUp" classname="group.project.coen6761.AppTest" time="0.002"/>
  <testcase name="testRobotMoveSouthBeyondRoomBounds" classname="group.project.coen6761.AppTest" time="0.002"/>
</testsuite>